<html>
<body>
<pre>
<h1>Vision Build Log</h1>
<h2>Project:</h2>
F:\work_ing\XA1302产品包\软件设计\调试中版本\调试工程\SPI_Slave\Spi_Slave.uvproj
Project File Date:  12/09/2013

<h2>Output:</h2>
Build target 'Target 1'
assembling STARTUP.A51...
compiling Test.c...
linking...
Program Size: data=9.0 xdata=0 code=16
".\obj\Spi_Slave" - 0 Error(s), 0 Warning(s).
Build target 'Target 1'
linking...
Program Size: data=9.0 xdata=0 code=16
".\obj\Spi_Slave" - 0 Error(s), 0 Warning(s).
Build target 'Target 1'
compiling IS8U256A_SPISlave.c...
compiling IS8U256A_GPIO.c...
linking...
*** WARNING L16: UNCALLED SEGMENT, IGNORED FOR OVERLAY PROCESS
    SEGMENT: ?PR?SPISLAVEINIT?IS8U256A_SPISLAVE
*** WARNING L16: UNCALLED SEGMENT, IGNORED FOR OVERLAY PROCESS
    SEGMENT: ?PR?_SPITRANSMITDATA?IS8U256A_SPISLAVE
*** WARNING L16: UNCALLED SEGMENT, IGNORED FOR OVERLAY PROCESS
    SEGMENT: ?PR?GPIOINIT?IS8U256A_GPIO
*** WARNING L16: UNCALLED SEGMENT, IGNORED FOR OVERLAY PROCESS
    SEGMENT: ?PR?_GPIOSETINPUT?IS8U256A_GPIO
*** WARNING L16: UNCALLED SEGMENT, IGNORED FOR OVERLAY PROCESS
    SEGMENT: ?PR?_GPIOSETOUTPUT?IS8U256A_GPIO
*** WARNING L16: UNCALLED SEGMENT, IGNORED FOR OVERLAY PROCESS
    SEGMENT: ?PR?_GPIORESET?IS8U256A_GPIO
*** WARNING L16: UNCALLED SEGMENT, IGNORED FOR OVERLAY PROCESS
    SEGMENT: ?PR?_GPIOSET?IS8U256A_GPIO
Program Size: data=35.0 xdata=0 code=414
".\obj\Spi_Slave" - 0 Error(s), 7 Warning(s).
Clean started: Project: 'Spi_Slave'
   deleting intermediate output files for target 'Target 1'
Build target 'Target 1'
assembling STARTUP.A51...
compiling Test.c...
src\Test.c(2): warning C318: can't open file '..\..\..\IS8U256A.h'
compiling IS8U256A_SPISlave.c...
compiling IS8U256A_GPIO.c...
linking...
*** WARNING L16: UNCALLED SEGMENT, IGNORED FOR OVERLAY PROCESS
    SEGMENT: ?PR?SPISLAVEINIT?IS8U256A_SPISLAVE
*** WARNING L16: UNCALLED SEGMENT, IGNORED FOR OVERLAY PROCESS
    SEGMENT: ?PR?_SPITRANSMITDATA?IS8U256A_SPISLAVE
*** WARNING L16: UNCALLED SEGMENT, IGNORED FOR OVERLAY PROCESS
    SEGMENT: ?PR?GPIOINIT?IS8U256A_GPIO
*** WARNING L16: UNCALLED SEGMENT, IGNORED FOR OVERLAY PROCESS
    SEGMENT: ?PR?_GPIOSETINPUT?IS8U256A_GPIO
*** WARNING L16: UNCALLED SEGMENT, IGNORED FOR OVERLAY PROCESS
    SEGMENT: ?PR?_GPIOSETOUTPUT?IS8U256A_GPIO
*** WARNING L16: UNCALLED SEGMENT, IGNORED FOR OVERLAY PROCESS
    SEGMENT: ?PR?_GPIORESET?IS8U256A_GPIO
*** WARNING L16: UNCALLED SEGMENT, IGNORED FOR OVERLAY PROCESS
    SEGMENT: ?PR?_GPIOSET?IS8U256A_GPIO
Program Size: data=35.0 xdata=0 code=414
".\obj\Spi_Slave" - 0 Error(s), 8 Warning(s).
Build target 'Target 1'
compiling Test.c...
src\Test.c(2): warning C318: can't open file '..\..\..\IS8U256A.h'
src\Test.c(3): error C309: bad or missing filename
src\Test.c(3): warning C318: can't open file ''
src\Test.c(4): warning C318: can't open file '..\..\..\IS8U256A_SpiSlave.h'
src\Test.c(6): warning C318: can't open file '..\..\..\IS8U256A_GPIO.h'
Target not created
Build target 'Target 1'
compiling Test.c...
src\Test.c(3): error C309: bad or missing filename
src\Test.c(3): warning C318: can't open file ''
Target not created
Build target 'Target 1'
compiling Test.c...
linking...
*** WARNING L16: UNCALLED SEGMENT, IGNORED FOR OVERLAY PROCESS
    SEGMENT: ?PR?SPISLAVEINIT?IS8U256A_SPISLAVE
*** WARNING L16: UNCALLED SEGMENT, IGNORED FOR OVERLAY PROCESS
    SEGMENT: ?PR?_SPITRANSMITDATA?IS8U256A_SPISLAVE
*** WARNING L16: UNCALLED SEGMENT, IGNORED FOR OVERLAY PROCESS
    SEGMENT: ?PR?GPIOINIT?IS8U256A_GPIO
*** WARNING L16: UNCALLED SEGMENT, IGNORED FOR OVERLAY PROCESS
    SEGMENT: ?PR?_GPIOSETINPUT?IS8U256A_GPIO
*** WARNING L16: UNCALLED SEGMENT, IGNORED FOR OVERLAY PROCESS
    SEGMENT: ?PR?_GPIOSETOUTPUT?IS8U256A_GPIO
*** WARNING L16: UNCALLED SEGMENT, IGNORED FOR OVERLAY PROCESS
    SEGMENT: ?PR?_GPIORESET?IS8U256A_GPIO
*** WARNING L16: UNCALLED SEGMENT, IGNORED FOR OVERLAY PROCESS
    SEGMENT: ?PR?_GPIOSET?IS8U256A_GPIO
Program Size: data=35.0 xdata=0 code=414
".\obj\Spi_Slave" - 0 Error(s), 7 Warning(s).
Build target 'Target 1'
compiling Test.c...
SRC\TEST.C(14): warning C206: 'SPISlaveInit': missing function-prototype
linking...
*** WARNING L16: UNCALLED SEGMENT, IGNORED FOR OVERLAY PROCESS
    SEGMENT: ?PR?_SPITRANSMITDATA?IS8U256A_SPISLAVE
*** WARNING L16: UNCALLED SEGMENT, IGNORED FOR OVERLAY PROCESS
    SEGMENT: ?PR?_GPIOSETINPUT?IS8U256A_GPIO
*** WARNING L16: UNCALLED SEGMENT, IGNORED FOR OVERLAY PROCESS
    SEGMENT: ?PR?_GPIOSETOUTPUT?IS8U256A_GPIO
*** WARNING L16: UNCALLED SEGMENT, IGNORED FOR OVERLAY PROCESS
    SEGMENT: ?PR?_GPIORESET?IS8U256A_GPIO
*** WARNING L16: UNCALLED SEGMENT, IGNORED FOR OVERLAY PROCESS
    SEGMENT: ?PR?_GPIOSET?IS8U256A_GPIO
Program Size: data=35.0 xdata=0 code=422
".\obj\Spi_Slave" - 0 Error(s), 6 Warning(s).
Build target 'Target 1'
compiling Test.c...
linking...
*** WARNING L16: UNCALLED SEGMENT, IGNORED FOR OVERLAY PROCESS
    SEGMENT: ?PR?_SPITRANSMITDATA?IS8U256A_SPISLAVE
*** WARNING L16: UNCALLED SEGMENT, IGNORED FOR OVERLAY PROCESS
    SEGMENT: ?PR?_GPIOSETINPUT?IS8U256A_GPIO
*** WARNING L16: UNCALLED SEGMENT, IGNORED FOR OVERLAY PROCESS
    SEGMENT: ?PR?_GPIOSETOUTPUT?IS8U256A_GPIO
*** WARNING L16: UNCALLED SEGMENT, IGNORED FOR OVERLAY PROCESS
    SEGMENT: ?PR?_GPIORESET?IS8U256A_GPIO
*** WARNING L16: UNCALLED SEGMENT, IGNORED FOR OVERLAY PROCESS
    SEGMENT: ?PR?_GPIOSET?IS8U256A_GPIO
Program Size: data=35.0 xdata=0 code=422
".\obj\Spi_Slave" - 0 Error(s), 5 Warning(s).
Build target 'Target 1'
compiling Test.c...
linking...
*** WARNING L16: UNCALLED SEGMENT, IGNORED FOR OVERLAY PROCESS
    SEGMENT: ?PR?_SPITRANSMITDATA?IS8U256A_SPISLAVE
*** WARNING L16: UNCALLED SEGMENT, IGNORED FOR OVERLAY PROCESS
    SEGMENT: ?PR?_GPIOSETINPUT?IS8U256A_GPIO
*** WARNING L16: UNCALLED SEGMENT, IGNORED FOR OVERLAY PROCESS
    SEGMENT: ?PR?_GPIOSETOUTPUT?IS8U256A_GPIO
*** WARNING L16: UNCALLED SEGMENT, IGNORED FOR OVERLAY PROCESS
    SEGMENT: ?PR?_GPIORESET?IS8U256A_GPIO
*** WARNING L16: UNCALLED SEGMENT, IGNORED FOR OVERLAY PROCESS
    SEGMENT: ?PR?_GPIOSET?IS8U256A_GPIO
Program Size: data=35.0 xdata=0 code=424
".\obj\Spi_Slave" - 0 Error(s), 5 Warning(s).
Build target 'Target 1'
compiling Test.c...
linking...
*** WARNING L16: UNCALLED SEGMENT, IGNORED FOR OVERLAY PROCESS
    SEGMENT: ?PR?_GPIOSETINPUT?IS8U256A_GPIO
*** WARNING L16: UNCALLED SEGMENT, IGNORED FOR OVERLAY PROCESS
    SEGMENT: ?PR?_GPIOSETOUTPUT?IS8U256A_GPIO
*** WARNING L16: UNCALLED SEGMENT, IGNORED FOR OVERLAY PROCESS
    SEGMENT: ?PR?_GPIORESET?IS8U256A_GPIO
*** WARNING L16: UNCALLED SEGMENT, IGNORED FOR OVERLAY PROCESS
    SEGMENT: ?PR?_GPIOSET?IS8U256A_GPIO
Program Size: data=35.0 xdata=64 code=436
".\obj\Spi_Slave" - 0 Error(s), 4 Warning(s).
Build target 'Target 1'
compiling Test.c...
linking...
*** WARNING L16: UNCALLED SEGMENT, IGNORED FOR OVERLAY PROCESS
    SEGMENT: ?PR?_GPIOSETINPUT?IS8U256A_GPIO
*** WARNING L16: UNCALLED SEGMENT, IGNORED FOR OVERLAY PROCESS
    SEGMENT: ?PR?_GPIOSETOUTPUT?IS8U256A_GPIO
*** WARNING L16: UNCALLED SEGMENT, IGNORED FOR OVERLAY PROCESS
    SEGMENT: ?PR?_GPIORESET?IS8U256A_GPIO
*** WARNING L16: UNCALLED SEGMENT, IGNORED FOR OVERLAY PROCESS
    SEGMENT: ?PR?_GPIOSET?IS8U256A_GPIO
Program Size: data=35.0 xdata=64 code=633
".\obj\Spi_Slave" - 0 Error(s), 4 Warning(s).
Build target 'Target 1'
compiling IS8U256A_SPISlave.c...
..\..\FILES TO DEBUG\IS8U256A_SPISLAVE.C(99): warning C209: '_GPIOSet': too few actual parameters
..\..\FILES TO DEBUG\IS8U256A_SPISLAVE.C(105): warning C209: '_GPIOReset': too few actual parameters
linking...
*** WARNING L16: UNCALLED SEGMENT, IGNORED FOR OVERLAY PROCESS
    SEGMENT: ?PR?_GPIOSETINPUT?IS8U256A_GPIO
*** WARNING L16: UNCALLED SEGMENT, IGNORED FOR OVERLAY PROCESS
    SEGMENT: ?PR?_GPIOSETOUTPUT?IS8U256A_GPIO
Program Size: data=32.0 xdata=64 code=641
".\obj\Spi_Slave" - 0 Error(s), 4 Warning(s).
Build target 'Target 1'
compiling IS8U256A_SPISlave.c...
linking...
*** WARNING L16: UNCALLED SEGMENT, IGNORED FOR OVERLAY PROCESS
    SEGMENT: ?PR?_GPIOSETINPUT?IS8U256A_GPIO
*** WARNING L16: UNCALLED SEGMENT, IGNORED FOR OVERLAY PROCESS
    SEGMENT: ?PR?_GPIOSETOUTPUT?IS8U256A_GPIO
Program Size: data=32.0 xdata=64 code=657
".\obj\Spi_Slave" - 0 Error(s), 2 Warning(s).
Build target 'Target 1'
compiling Test.c...
linking...
*** WARNING L16: UNCALLED SEGMENT, IGNORED FOR OVERLAY PROCESS
    SEGMENT: ?PR?_GPIOSETINPUT?IS8U256A_GPIO
Program Size: data=28.0 xdata=64 code=668
".\obj\Spi_Slave" - 0 Error(s), 1 Warning(s).
Build target 'Target 1'
linking...
*** WARNING L16: UNCALLED SEGMENT, IGNORED FOR OVERLAY PROCESS
    SEGMENT: ?PR?_GPIOSETINPUT?IS8U256A_GPIO
Program Size: data=28.0 xdata=64 code=668
".\obj\Spi_Slave" - 0 Error(s), 1 Warning(s).
Build target 'Target 1'
linking...
Program Size: data=28.0 xdata=64 code=668
".\obj\Spi_Slave" - 0 Error(s), 0 Warning(s).
Build target 'Target 1'
compiling Test.c...
linking...
Program Size: data=28.0 xdata=64 code=668
".\obj\Spi_Slave" - 0 Error(s), 0 Warning(s).
Build target 'Target 1'
compiling Test.c...
compiling IS8U256A_DMA.c...
linking...
Program Size: data=28.0 xdata=64 code=936
".\obj\Spi_Slave" - 0 Error(s), 0 Warning(s).
Build target 'Target 1'
compiling Test.c...
linking...
Program Size: data=28.0 xdata=74 code=956
".\obj\Spi_Slave" - 0 Error(s), 0 Warning(s).
Build target 'Target 1'
compiling Test.c...
linking...
Program Size: data=28.0 xdata=74 code=956
".\obj\Spi_Slave" - 0 Error(s), 0 Warning(s).
Build target 'Target 1'
compiling IS8U256A_SPISlave.c...
linking...
Program Size: data=28.0 xdata=74 code=956
".\obj\Spi_Slave" - 0 Error(s), 0 Warning(s).
Build target 'Target 1'
linking...
Program Size: data=28.0 xdata=74 code=956
".\obj\Spi_Slave" - 0 Error(s), 0 Warning(s).
Build target 'Target 1'
compiling Test.c...
linking...
Program Size: data=28.0 xdata=74 code=985
".\obj\Spi_Slave" - 0 Error(s), 0 Warning(s).
Build target 'Target 1'
compiling Test.c...
linking...
Program Size: data=28.0 xdata=74 code=1003
".\obj\Spi_Slave" - 0 Error(s), 0 Warning(s).
Clean started: Project: 'Spi_Slave'
   deleting intermediate output files for target 'Target 1'
Build target 'Target 1'
assembling STARTUP.A51...
compiling Test.c...
compiling IS8U256A_SPISlave.c...
compiling IS8U256A_GPIO.c...
compiling IS8U256A_DMA.c...
linking...
Program Size: data=28.0 xdata=74 code=1003
".\obj\Spi_Slave" - 0 Error(s), 0 Warning(s).
Build target 'Target 1'
compiling Test.c...
linking...
Program Size: data=28.0 xdata=74 code=974
".\obj\Spi_Slave" - 0 Error(s), 0 Warning(s).
Build target 'Target 1'
linking...
Program Size: data=28.0 xdata=74 code=974
".\obj\Spi_Slave" - 0 Error(s), 0 Warning(s).
Build target 'Target 1'
compiling Test.c...
linking...
Program Size: data=28.0 xdata=74 code=974
".\obj\Spi_Slave" - 0 Error(s), 0 Warning(s).
Build target 'Target 1'
compiling Test.c...
linking...
Program Size: data=28.0 xdata=74 code=974
".\obj\Spi_Slave" - 0 Error(s), 0 Warning(s).
Build target 'Target 1'
linking...
Program Size: data=28.0 xdata=74 code=974
".\obj\Spi_Slave" - 0 Error(s), 0 Warning(s).
Build target 'Target 1'
compiling Test.c...
SRC\TEST.C(38): error C202: 'i': undefined identifier
SRC\TEST.C(39): error C202: 'i': undefined identifier
Target not created
Build target 'Target 1'
compiling Test.c...
linking...
Program Size: data=28.0 xdata=75 code=1004
".\obj\Spi_Slave" - 0 Error(s), 0 Warning(s).
Build target 'Target 1'
linking...
Program Size: data=28.0 xdata=75 code=1004
".\obj\Spi_Slave" - 0 Error(s), 0 Warning(s).
